[0.381s] Invoking command in '/Accounts/localdawsonj2/Desktop/HumanFollowingTurtlebot4/src/human_following_robot': DEBUGINFOD_URLS=https://debuginfod.ubuntu.com PS1=(venv) \[\e]0;\u@\h: \w\a\]${debian_chroot:+($debian_chroot)}\[\033[01;32m\]\u@\h\[\033[00m\]:\[\033[01;34m\]\w\[\033[00m\]\$ PYTHONPATH=/Accounts/localdawsonj2/Desktop/HumanFollowingTurtlebot4/build/human_following_robot/prefix_override:/usr/lib/python3/dist-packages/colcon_core/task/python/colcon_distutils_commands:/Accounts/localdawsonj2/Desktop/HumanFollowingTurtlebot4/install/human_following_robot/lib/python3.12/site-packages:${PYTHONPATH} VIRTUAL_ENV_PROMPT=(venv) /usr/bin/python3 -W ignore:setup.py install is deprecated -W ignore:easy_install command is deprecated setup.py egg_info --egg-base ../../build/human_following_robot build --build-base /Accounts/localdawsonj2/Desktop/HumanFollowingTurtlebot4/build/human_following_robot/build install --record /Accounts/localdawsonj2/Desktop/HumanFollowingTurtlebot4/build/human_following_robot/install.log --single-version-externally-managed install_data
[0.509s] running egg_info
[0.518s] writing ../../build/human_following_robot/human_following_robot.egg-info/PKG-INFO
[0.518s] writing dependency_links to ../../build/human_following_robot/human_following_robot.egg-info/dependency_links.txt
[0.518s] writing entry points to ../../build/human_following_robot/human_following_robot.egg-info/entry_points.txt
[0.518s] writing requirements to ../../build/human_following_robot/human_following_robot.egg-info/requires.txt
[0.518s] writing top-level names to ../../build/human_following_robot/human_following_robot.egg-info/top_level.txt
[0.535s] reading manifest file '../../build/human_following_robot/human_following_robot.egg-info/SOURCES.txt'
[0.536s] writing manifest file '../../build/human_following_robot/human_following_robot.egg-info/SOURCES.txt'
[0.536s] running build
[0.536s] running build_py
[0.536s] copying human_following_robot/human_follower_node.py -> /Accounts/localdawsonj2/Desktop/HumanFollowingTurtlebot4/build/human_following_robot/build/lib/human_following_robot
[0.536s] running install
[0.539s] running install_lib
[0.548s] copying /Accounts/localdawsonj2/Desktop/HumanFollowingTurtlebot4/build/human_following_robot/build/lib/human_following_robot/human_follower_node.py -> /Accounts/localdawsonj2/Desktop/HumanFollowingTurtlebot4/install/human_following_robot/lib/python3.12/site-packages/human_following_robot
[0.548s] byte-compiling /Accounts/localdawsonj2/Desktop/HumanFollowingTurtlebot4/install/human_following_robot/lib/python3.12/site-packages/human_following_robot/human_follower_node.py to human_follower_node.cpython-312.pyc
[0.549s] running install_data
[0.549s] running install_egg_info
[0.558s] removing '/Accounts/localdawsonj2/Desktop/HumanFollowingTurtlebot4/install/human_following_robot/lib/python3.12/site-packages/human_following_robot-0.0.0-py3.12.egg-info' (and everything under it)
[0.558s] Copying ../../build/human_following_robot/human_following_robot.egg-info to /Accounts/localdawsonj2/Desktop/HumanFollowingTurtlebot4/install/human_following_robot/lib/python3.12/site-packages/human_following_robot-0.0.0-py3.12.egg-info
[0.558s] running install_scripts
[0.617s] Installing h_follower script to /Accounts/localdawsonj2/Desktop/HumanFollowingTurtlebot4/install/human_following_robot/lib/human_following_robot
[0.618s] writing list of installed files to '/Accounts/localdawsonj2/Desktop/HumanFollowingTurtlebot4/build/human_following_robot/install.log'
[0.631s] Invoked command in '/Accounts/localdawsonj2/Desktop/HumanFollowingTurtlebot4/src/human_following_robot' returned '0': DEBUGINFOD_URLS=https://debuginfod.ubuntu.com PS1=(venv) \[\e]0;\u@\h: \w\a\]${debian_chroot:+($debian_chroot)}\[\033[01;32m\]\u@\h\[\033[00m\]:\[\033[01;34m\]\w\[\033[00m\]\$ PYTHONPATH=/Accounts/localdawsonj2/Desktop/HumanFollowingTurtlebot4/build/human_following_robot/prefix_override:/usr/lib/python3/dist-packages/colcon_core/task/python/colcon_distutils_commands:/Accounts/localdawsonj2/Desktop/HumanFollowingTurtlebot4/install/human_following_robot/lib/python3.12/site-packages:${PYTHONPATH} VIRTUAL_ENV_PROMPT=(venv) /usr/bin/python3 -W ignore:setup.py install is deprecated -W ignore:easy_install command is deprecated setup.py egg_info --egg-base ../../build/human_following_robot build --build-base /Accounts/localdawsonj2/Desktop/HumanFollowingTurtlebot4/build/human_following_robot/build install --record /Accounts/localdawsonj2/Desktop/HumanFollowingTurtlebot4/build/human_following_robot/install.log --single-version-externally-managed install_data
