/Accounts/localdawsonj2/Desktop/HumanFollowingTurtlebot4/install/human_detector/lib/python3.12/site-packages/human_detector/main.py
/Accounts/localdawsonj2/Desktop/HumanFollowingTurtlebot4/install/human_detector/lib/python3.12/site-packages/human_detector/visual_tracker.py
/Accounts/localdawsonj2/Desktop/HumanFollowingTurtlebot4/install/human_detector/lib/python3.12/site-packages/human_detector/human_detector_node.py
/Accounts/localdawsonj2/Desktop/HumanFollowingTurtlebot4/install/human_detector/lib/python3.12/site-packages/human_detector/obstacle_avoidance.py
/Accounts/localdawsonj2/Desktop/HumanFollowingTurtlebot4/install/human_detector/lib/python3.12/site-packages/human_detector/human_detector_node_v1.py
/Accounts/localdawsonj2/Desktop/HumanFollowingTurtlebot4/install/human_detector/lib/python3.12/site-packages/human_detector/__init__.py
/Accounts/localdawsonj2/Desktop/HumanFollowingTurtlebot4/install/human_detector/lib/python3.12/site-packages/human_detector/__pycache__/main.cpython-312.pyc
/Accounts/localdawsonj2/Desktop/HumanFollowingTurtlebot4/install/human_detector/lib/python3.12/site-packages/human_detector/__pycache__/visual_tracker.cpython-312.pyc
/Accounts/localdawsonj2/Desktop/HumanFollowingTurtlebot4/install/human_detector/lib/python3.12/site-packages/human_detector/__pycache__/human_detector_node.cpython-312.pyc
/Accounts/localdawsonj2/Desktop/HumanFollowingTurtlebot4/install/human_detector/lib/python3.12/site-packages/human_detector/__pycache__/obstacle_avoidance.cpython-312.pyc
/Accounts/localdawsonj2/Desktop/HumanFollowingTurtlebot4/install/human_detector/lib/python3.12/site-packages/human_detector/__pycache__/human_detector_node_v1.cpython-312.pyc
/Accounts/localdawsonj2/Desktop/HumanFollowingTurtlebot4/install/human_detector/lib/python3.12/site-packages/human_detector/__pycache__/__init__.cpython-312.pyc
/Accounts/localdawsonj2/Desktop/HumanFollowingTurtlebot4/install/human_detector/share/ament_index/resource_index/packages/human_detector
/Accounts/localdawsonj2/Desktop/HumanFollowingTurtlebot4/install/human_detector/share/human_detector/package.xml
/Accounts/localdawsonj2/Desktop/HumanFollowingTurtlebot4/install/human_detector/lib/python3.12/site-packages/human_detector-0.0.0-py3.12.egg-info/entry_points.txt
/Accounts/localdawsonj2/Desktop/HumanFollowingTurtlebot4/install/human_detector/lib/python3.12/site-packages/human_detector-0.0.0-py3.12.egg-info/dependency_links.txt
/Accounts/localdawsonj2/Desktop/HumanFollowingTurtlebot4/install/human_detector/lib/python3.12/site-packages/human_detector-0.0.0-py3.12.egg-info/top_level.txt
/Accounts/localdawsonj2/Desktop/HumanFollowingTurtlebot4/install/human_detector/lib/python3.12/site-packages/human_detector-0.0.0-py3.12.egg-info/SOURCES.txt
/Accounts/localdawsonj2/Desktop/HumanFollowingTurtlebot4/install/human_detector/lib/python3.12/site-packages/human_detector-0.0.0-py3.12.egg-info/zip-safe
/Accounts/localdawsonj2/Desktop/HumanFollowingTurtlebot4/install/human_detector/lib/python3.12/site-packages/human_detector-0.0.0-py3.12.egg-info/PKG-INFO
/Accounts/localdawsonj2/Desktop/HumanFollowingTurtlebot4/install/human_detector/lib/python3.12/site-packages/human_detector-0.0.0-py3.12.egg-info/requires.txt
/Accounts/localdawsonj2/Desktop/HumanFollowingTurtlebot4/install/human_detector/lib/human_detector/human_detector_exec
