[0.376s] Invoking command in '/Accounts/localdawsonj2/Desktop/HumanFollowingTurtlebot4/src/human_following_robot': DEBUGINFOD_URLS=https://debuginfod.ubuntu.com PS1=(venv) \[\e]0;\u@\h: \w\a\]${debian_chroot:+($debian_chroot)}\[\033[01;32m\]\u@\h\[\033[00m\]:\[\033[01;34m\]\w\[\033[00m\]\$ PYTHONPATH=/Accounts/localdawsonj2/Desktop/HumanFollowingTurtlebot4/build/human_following_robot/prefix_override:/usr/lib/python3/dist-packages/colcon_core/task/python/colcon_distutils_commands:/Accounts/localdawsonj2/Desktop/HumanFollowingTurtlebot4/install/human_following_robot/lib/python3.12/site-packages:${PYTHONPATH} VIRTUAL_ENV_PROMPT=(venv) /usr/bin/python3 -W ignore:setup.py install is deprecated -W ignore:easy_install command is deprecated setup.py egg_info --egg-base ../../build/human_following_robot build --build-base /Accounts/localdawsonj2/Desktop/HumanFollowingTurtlebot4/build/human_following_robot/build install --record /Accounts/localdawsonj2/Desktop/HumanFollowingTurtlebot4/build/human_following_robot/install.log --single-version-externally-managed install_data
[0.503s] running egg_info
[0.511s] writing ../../build/human_following_robot/human_following_robot.egg-info/PKG-INFO
[0.512s] writing dependency_links to ../../build/human_following_robot/human_following_robot.egg-info/dependency_links.txt
[0.512s] writing entry points to ../../build/human_following_robot/human_following_robot.egg-info/entry_points.txt
[0.512s] writing requirements to ../../build/human_following_robot/human_following_robot.egg-info/requires.txt
[0.512s] writing top-level names to ../../build/human_following_robot/human_following_robot.egg-info/top_level.txt
[0.529s] reading manifest file '../../build/human_following_robot/human_following_robot.egg-info/SOURCES.txt'
[0.529s] writing manifest file '../../build/human_following_robot/human_following_robot.egg-info/SOURCES.txt'
[0.529s] running build
[0.529s] running build_py
[0.530s] running install
[0.532s] running install_lib
[0.541s] running install_data
[0.541s] running install_egg_info
[0.550s] removing '/Accounts/localdawsonj2/Desktop/HumanFollowingTurtlebot4/install/human_following_robot/lib/python3.12/site-packages/human_following_robot-0.0.0-py3.12.egg-info' (and everything under it)
[0.551s] Copying ../../build/human_following_robot/human_following_robot.egg-info to /Accounts/localdawsonj2/Desktop/HumanFollowingTurtlebot4/install/human_following_robot/lib/python3.12/site-packages/human_following_robot-0.0.0-py3.12.egg-info
[0.551s] running install_scripts
[0.609s] Installing h_follower script to /Accounts/localdawsonj2/Desktop/HumanFollowingTurtlebot4/install/human_following_robot/lib/human_following_robot
[0.610s] writing list of installed files to '/Accounts/localdawsonj2/Desktop/HumanFollowingTurtlebot4/build/human_following_robot/install.log'
[0.622s] Invoked command in '/Accounts/localdawsonj2/Desktop/HumanFollowingTurtlebot4/src/human_following_robot' returned '0': DEBUGINFOD_URLS=https://debuginfod.ubuntu.com PS1=(venv) \[\e]0;\u@\h: \w\a\]${debian_chroot:+($debian_chroot)}\[\033[01;32m\]\u@\h\[\033[00m\]:\[\033[01;34m\]\w\[\033[00m\]\$ PYTHONPATH=/Accounts/localdawsonj2/Desktop/HumanFollowingTurtlebot4/build/human_following_robot/prefix_override:/usr/lib/python3/dist-packages/colcon_core/task/python/colcon_distutils_commands:/Accounts/localdawsonj2/Desktop/HumanFollowingTurtlebot4/install/human_following_robot/lib/python3.12/site-packages:${PYTHONPATH} VIRTUAL_ENV_PROMPT=(venv) /usr/bin/python3 -W ignore:setup.py install is deprecated -W ignore:easy_install command is deprecated setup.py egg_info --egg-base ../../build/human_following_robot build --build-base /Accounts/localdawsonj2/Desktop/HumanFollowingTurtlebot4/build/human_following_robot/build install --record /Accounts/localdawsonj2/Desktop/HumanFollowingTurtlebot4/build/human_following_robot/install.log --single-version-externally-managed install_data
