running egg_info
creating ../../build/human_detector/human_detector.egg-info
writing ../../build/human_detector/human_detector.egg-info/PKG-INFO
writing dependency_links to ../../build/human_detector/human_detector.egg-info/dependency_links.txt
writing entry points to ../../build/human_detector/human_detector.egg-info/entry_points.txt
writing requirements to ../../build/human_detector/human_detector.egg-info/requires.txt
writing top-level names to ../../build/human_detector/human_detector.egg-info/top_level.txt
writing manifest file '../../build/human_detector/human_detector.egg-info/SOURCES.txt'
reading manifest file '../../build/human_detector/human_detector.egg-info/SOURCES.txt'
writing manifest file '../../build/human_detector/human_detector.egg-info/SOURCES.txt'
running build
running build_py
creating /Accounts/localdawsonj2/Desktop/HumanFollowingTurtlebot4/build/human_detector/build
creating /Accounts/localdawsonj2/Desktop/HumanFollowingTurtlebot4/build/human_detector/build/lib
creating /Accounts/localdawsonj2/Desktop/HumanFollowingTurtlebot4/build/human_detector/build/lib/human_detector
copying human_detector/main.py -> /Accounts/localdawsonj2/Desktop/HumanFollowingTurtlebot4/build/human_detector/build/lib/human_detector
copying human_detector/visual_tracker.py -> /Accounts/localdawsonj2/Desktop/HumanFollowingTurtlebot4/build/human_detector/build/lib/human_detector
copying human_detector/human_detector_node.py -> /Accounts/localdawsonj2/Desktop/HumanFollowingTurtlebot4/build/human_detector/build/lib/human_detector
copying human_detector/obstacle_avoidance.py -> /Accounts/localdawsonj2/Desktop/HumanFollowingTurtlebot4/build/human_detector/build/lib/human_detector
copying human_detector/human_detector_node_v1.py -> /Accounts/localdawsonj2/Desktop/HumanFollowingTurtlebot4/build/human_detector/build/lib/human_detector
copying human_detector/__init__.py -> /Accounts/localdawsonj2/Desktop/HumanFollowingTurtlebot4/build/human_detector/build/lib/human_detector
running install
running install_lib
creating /Accounts/localdawsonj2/Desktop/HumanFollowingTurtlebot4/install/human_detector/lib/python3.12/site-packages/human_detector
copying /Accounts/localdawsonj2/Desktop/HumanFollowingTurtlebot4/build/human_detector/build/lib/human_detector/main.py -> /Accounts/localdawsonj2/Desktop/HumanFollowingTurtlebot4/install/human_detector/lib/python3.12/site-packages/human_detector
copying /Accounts/localdawsonj2/Desktop/HumanFollowingTurtlebot4/build/human_detector/build/lib/human_detector/visual_tracker.py -> /Accounts/localdawsonj2/Desktop/HumanFollowingTurtlebot4/install/human_detector/lib/python3.12/site-packages/human_detector
copying /Accounts/localdawsonj2/Desktop/HumanFollowingTurtlebot4/build/human_detector/build/lib/human_detector/human_detector_node.py -> /Accounts/localdawsonj2/Desktop/HumanFollowingTurtlebot4/install/human_detector/lib/python3.12/site-packages/human_detector
copying /Accounts/localdawsonj2/Desktop/HumanFollowingTurtlebot4/build/human_detector/build/lib/human_detector/obstacle_avoidance.py -> /Accounts/localdawsonj2/Desktop/HumanFollowingTurtlebot4/install/human_detector/lib/python3.12/site-packages/human_detector
copying /Accounts/localdawsonj2/Desktop/HumanFollowingTurtlebot4/build/human_detector/build/lib/human_detector/human_detector_node_v1.py -> /Accounts/localdawsonj2/Desktop/HumanFollowingTurtlebot4/install/human_detector/lib/python3.12/site-packages/human_detector
copying /Accounts/localdawsonj2/Desktop/HumanFollowingTurtlebot4/build/human_detector/build/lib/human_detector/__init__.py -> /Accounts/localdawsonj2/Desktop/HumanFollowingTurtlebot4/install/human_detector/lib/python3.12/site-packages/human_detector
byte-compiling /Accounts/localdawsonj2/Desktop/HumanFollowingTurtlebot4/install/human_detector/lib/python3.12/site-packages/human_detector/main.py to main.cpython-312.pyc
byte-compiling /Accounts/localdawsonj2/Desktop/HumanFollowingTurtlebot4/install/human_detector/lib/python3.12/site-packages/human_detector/visual_tracker.py to visual_tracker.cpython-312.pyc
byte-compiling /Accounts/localdawsonj2/Desktop/HumanFollowingTurtlebot4/install/human_detector/lib/python3.12/site-packages/human_detector/human_detector_node.py to human_detector_node.cpython-312.pyc
byte-compiling /Accounts/localdawsonj2/Desktop/HumanFollowingTurtlebot4/install/human_detector/lib/python3.12/site-packages/human_detector/obstacle_avoidance.py to obstacle_avoidance.cpython-312.pyc
byte-compiling /Accounts/localdawsonj2/Desktop/HumanFollowingTurtlebot4/install/human_detector/lib/python3.12/site-packages/human_detector/human_detector_node_v1.py to human_detector_node_v1.cpython-312.pyc
byte-compiling /Accounts/localdawsonj2/Desktop/HumanFollowingTurtlebot4/install/human_detector/lib/python3.12/site-packages/human_detector/__init__.py to __init__.cpython-312.pyc
running install_data
creating /Accounts/localdawsonj2/Desktop/HumanFollowingTurtlebot4/install/human_detector/share/ament_index
creating /Accounts/localdawsonj2/Desktop/HumanFollowingTurtlebot4/install/human_detector/share/ament_index/resource_index
creating /Accounts/localdawsonj2/Desktop/HumanFollowingTurtlebot4/install/human_detector/share/ament_index/resource_index/packages
copying resource/human_detector -> /Accounts/localdawsonj2/Desktop/HumanFollowingTurtlebot4/install/human_detector/share/ament_index/resource_index/packages
copying package.xml -> /Accounts/localdawsonj2/Desktop/HumanFollowingTurtlebot4/install/human_detector/share/human_detector
running install_egg_info
Copying ../../build/human_detector/human_detector.egg-info to /Accounts/localdawsonj2/Desktop/HumanFollowingTurtlebot4/install/human_detector/lib/python3.12/site-packages/human_detector-0.0.0-py3.12.egg-info
running install_scripts
Installing human_detector_exec script to /Accounts/localdawsonj2/Desktop/HumanFollowingTurtlebot4/install/human_detector/lib/human_detector
writing list of installed files to '/Accounts/localdawsonj2/Desktop/HumanFollowingTurtlebot4/build/human_detector/install.log'
