[0.381s] Invoking command in '/Accounts/localdawsonj2/Desktop/HumanFollowingTurtlebot4/src/human_detector': DEBUGINFOD_URLS=https://debuginfod.ubuntu.com PS1=(ros.venv) \[\e]0;\u@\h: \w\a\]${debian_chroot:+($debian_chroot)}\[\033[01;32m\]\u@\h\[\033[00m\]:\[\033[01;34m\]\w\[\033[00m\]\$ PYTHONPATH=/Accounts/localdawsonj2/Desktop/HumanFollowingTurtlebot4/build/human_detector/prefix_override:/usr/lib/python3/dist-packages/colcon_core/task/python/colcon_distutils_commands:/Accounts/localdawsonj2/Desktop/HumanFollowingTurtlebot4/install/human_detector/lib/python3.12/site-packages:${PYTHONPATH} VIRTUAL_ENV_PROMPT=(ros.venv) /usr/bin/python3 -W ignore:setup.py install is deprecated -W ignore:easy_install command is deprecated setup.py egg_info --egg-base ../../build/human_detector build --build-base /Accounts/localdawsonj2/Desktop/HumanFollowingTurtlebot4/build/human_detector/build install --record /Accounts/localdawsonj2/Desktop/HumanFollowingTurtlebot4/build/human_detector/install.log --single-version-externally-managed install_data
[0.511s] running egg_info
[0.519s] writing ../../build/human_detector/human_detector.egg-info/PKG-INFO
[0.519s] writing dependency_links to ../../build/human_detector/human_detector.egg-info/dependency_links.txt
[0.519s] writing entry points to ../../build/human_detector/human_detector.egg-info/entry_points.txt
[0.519s] writing requirements to ../../build/human_detector/human_detector.egg-info/requires.txt
[0.519s] writing top-level names to ../../build/human_detector/human_detector.egg-info/top_level.txt
[0.536s] reading manifest file '../../build/human_detector/human_detector.egg-info/SOURCES.txt'
[0.536s] writing manifest file '../../build/human_detector/human_detector.egg-info/SOURCES.txt'
[0.537s] running build
[0.537s] running build_py
[0.537s] running install
[0.540s] running install_lib
[0.548s] running install_data
[0.548s] running install_egg_info
[0.557s] removing '/Accounts/localdawsonj2/Desktop/HumanFollowingTurtlebot4/install/human_detector/lib/python3.12/site-packages/human_detector-0.0.0-py3.12.egg-info' (and everything under it)
[0.557s] Copying ../../build/human_detector/human_detector.egg-info to /Accounts/localdawsonj2/Desktop/HumanFollowingTurtlebot4/install/human_detector/lib/python3.12/site-packages/human_detector-0.0.0-py3.12.egg-info
[0.558s] running install_scripts
[0.614s] Installing human_detector_exec script to /Accounts/localdawsonj2/Desktop/HumanFollowingTurtlebot4/install/human_detector/lib/human_detector
[0.614s] writing list of installed files to '/Accounts/localdawsonj2/Desktop/HumanFollowingTurtlebot4/build/human_detector/install.log'
[0.626s] Invoked command in '/Accounts/localdawsonj2/Desktop/HumanFollowingTurtlebot4/src/human_detector' returned '0': DEBUGINFOD_URLS=https://debuginfod.ubuntu.com PS1=(ros.venv) \[\e]0;\u@\h: \w\a\]${debian_chroot:+($debian_chroot)}\[\033[01;32m\]\u@\h\[\033[00m\]:\[\033[01;34m\]\w\[\033[00m\]\$ PYTHONPATH=/Accounts/localdawsonj2/Desktop/HumanFollowingTurtlebot4/build/human_detector/prefix_override:/usr/lib/python3/dist-packages/colcon_core/task/python/colcon_distutils_commands:/Accounts/localdawsonj2/Desktop/HumanFollowingTurtlebot4/install/human_detector/lib/python3.12/site-packages:${PYTHONPATH} VIRTUAL_ENV_PROMPT=(ros.venv) /usr/bin/python3 -W ignore:setup.py install is deprecated -W ignore:easy_install command is deprecated setup.py egg_info --egg-base ../../build/human_detector build --build-base /Accounts/localdawsonj2/Desktop/HumanFollowingTurtlebot4/build/human_detector/build install --record /Accounts/localdawsonj2/Desktop/HumanFollowingTurtlebot4/build/human_detector/install.log --single-version-externally-managed install_data
