running egg_info
writing ../../build/human_following_robot/human_following_robot.egg-info/PKG-INFO
writing dependency_links to ../../build/human_following_robot/human_following_robot.egg-info/dependency_links.txt
writing entry points to ../../build/human_following_robot/human_following_robot.egg-info/entry_points.txt
writing requirements to ../../build/human_following_robot/human_following_robot.egg-info/requires.txt
writing top-level names to ../../build/human_following_robot/human_following_robot.egg-info/top_level.txt
reading manifest file '../../build/human_following_robot/human_following_robot.egg-info/SOURCES.txt'
writing manifest file '../../build/human_following_robot/human_following_robot.egg-info/SOURCES.txt'
running build
running build_py
copying human_following_robot/main.py -> /Accounts/localdawsonj2/Desktop/HumanFollowingTurtlebot4/build/human_following_robot/build/lib/human_following_robot
copying human_following_robot/human_follower_node.py -> /Accounts/localdawsonj2/Desktop/HumanFollowingTurtlebot4/build/human_following_robot/build/lib/human_following_robot
running install
running install_lib
copying /Accounts/localdawsonj2/Desktop/HumanFollowingTurtlebot4/build/human_following_robot/build/lib/human_following_robot/main.py -> /Accounts/localdawsonj2/Desktop/HumanFollowingTurtlebot4/install/human_following_robot/lib/python3.12/site-packages/human_following_robot
copying /Accounts/localdawsonj2/Desktop/HumanFollowingTurtlebot4/build/human_following_robot/build/lib/human_following_robot/human_follower_node.py -> /Accounts/localdawsonj2/Desktop/HumanFollowingTurtlebot4/install/human_following_robot/lib/python3.12/site-packages/human_following_robot
byte-compiling /Accounts/localdawsonj2/Desktop/HumanFollowingTurtlebot4/install/human_following_robot/lib/python3.12/site-packages/human_following_robot/main.py to main.cpython-312.pyc
byte-compiling /Accounts/localdawsonj2/Desktop/HumanFollowingTurtlebot4/install/human_following_robot/lib/python3.12/site-packages/human_following_robot/human_follower_node.py to human_follower_node.cpython-312.pyc
running install_data
running install_egg_info
removing '/Accounts/localdawsonj2/Desktop/HumanFollowingTurtlebot4/install/human_following_robot/lib/python3.12/site-packages/human_following_robot-0.0.0-py3.12.egg-info' (and everything under it)
Copying ../../build/human_following_robot/human_following_robot.egg-info to /Accounts/localdawsonj2/Desktop/HumanFollowingTurtlebot4/install/human_following_robot/lib/python3.12/site-packages/human_following_robot-0.0.0-py3.12.egg-info
running install_scripts
Installing h_follower script to /Accounts/localdawsonj2/Desktop/HumanFollowingTurtlebot4/install/human_following_robot/lib/human_following_robot
writing list of installed files to '/Accounts/localdawsonj2/Desktop/HumanFollowingTurtlebot4/build/human_following_robot/install.log'
